{
  "RSpec": {
    "coverage": {
      "/home/suyash/spacecraft_navigation/spec/models/spacecraft_spec.rb": {
        "lines": [
          1,
          null,
          1,
          1,
          1,
          1,
          1,
          1,
          1,
          1,
          1,
          null,
          null,
          1,
          1,
          1,
          null,
          null,
          null,
          1,
          1,
          1,
          1,
          1,
          null,
          null,
          1,
          1,
          1,
          1,
          null,
          null,
          1,
          1,
          1,
          1,
          null,
          null,
          1,
          1,
          1,
          1,
          1,
          null,
          null,
          null,
          1,
          1,
          1,
          1,
          null,
          null,
          1,
          1,
          1,
          1,
          null,
          null,
          1,
          1,
          1,
          1,
          null,
          null,
          1,
          1,
          1,
          1,
          null,
          null,
          1,
          1,
          1,
          1,
          1,
          null,
          null,
          null
        ]
      },
      "/home/suyash/spacecraft_navigation/spec/rails_helper.rb": {
        "lines": [
          null,
          1,
          1,
          1,
          null,
          1,
          1,
          null,
          null,
          null,
          null,
          null,
          null,
          null,
          null,
          null,
          null,
          null,
          null,
          null,
          null,
          null,
          null,
          null,
          null,
          null,
          null,
          1,
          null,
          0,
          null,
          1,
          null,
          1,
          null,
          null,
          null,
          null,
          null,
          null,
          1,
          null,
          null,
          null,
          null,
          null,
          null,
          null,
          null,
          null,
          null,
          null,
          null,
          null,
          null,
          null,
          null,
          null,
          1,
          null,
          null,
          1,
          null,
          null,
          null
        ]
      },
      "/home/suyash/spacecraft_navigation/config/environment.rb": {
        "lines": [
          null,
          1,
          null,
          null,
          1
        ]
      },
      "/home/suyash/spacecraft_navigation/config/application.rb": {
        "lines": [
          1,
          null,
          1,
          null,
          1,
          1,
          1,
          1,
          1,
          1,
          1,
          1,
          1,
          1,
          null,
          null,
          null,
          null,
          1,
          null,
          1,
          1,
          null,
          1,
          null,
          null,
          null,
          null,
          1,
          null,
          null,
          null,
          null,
          null,
          null,
          null,
          null,
          null,
          null,
          1,
          null,
          null
        ]
      },
      "/home/suyash/spacecraft_navigation/config/boot.rb": {
        "lines": [
          1,
          null,
          1,
          1
        ]
      },
      "/home/suyash/spacecraft_navigation/config/environments/test.rb": {
        "lines": [
          1,
          null,
          null,
          null,
          null,
          null,
          null,
          1,
          null,
          null,
          null,
          1,
          null,
          null,
          null,
          null,
          null,
          1,
          null,
          null,
          1,
          1,
          null,
          null,
          null,
          null,
          1,
          1,
          1,
          null,
          null,
          1,
          null,
          null,
          1,
          null,
          null,
          1,
          null,
          1,
          null,
          null,
          null,
          null,
          1,
          null,
          null,
          1,
          null,
          null,
          1,
          null,
          null,
          1,
          null,
          null,
          null,
          null,
          null,
          null,
          null,
          null,
          1,
          null
        ]
      },
      "/home/suyash/spacecraft_navigation/config/initializers/assets.rb": {
        "lines": [
          null,
          null,
          null,
          1,
          null,
          null,
          null,
          null,
          null,
          null,
          null,
          null
        ]
      },
      "/home/suyash/spacecraft_navigation/config/initializers/content_security_policy.rb": {
        "lines": [
          null,
          null,
          null,
          null,
          null,
          null,
          null,
          null,
          null,
          null,
          null,
          null,
          null,
          null,
          null,
          null,
          null,
          null,
          null,
          null,
          null,
          null,
          null,
          null,
          null
        ]
      },
      "/home/suyash/spacecraft_navigation/config/initializers/filter_parameter_logging.rb": {
        "lines": [
          null,
          null,
          null,
          null,
          null,
          1,
          null,
          null
        ]
      },
      "/home/suyash/spacecraft_navigation/config/initializers/inflections.rb": {
        "lines": [
          null,
          null,
          null,
          null,
          null,
          null,
          null,
          null,
          null,
          null,
          null,
          null,
          null,
          null,
          null,
          null
        ]
      },
      "/home/suyash/spacecraft_navigation/config/initializers/permissions_policy.rb": {
        "lines": [
          null,
          null,
          null,
          null,
          null,
          null,
          null,
          null,
          null,
          null,
          null,
          null,
          null
        ]
      },
      "/home/suyash/spacecraft_navigation/config/routes.rb": {
        "lines": [
          1,
          1,
          1,
          1,
          1,
          null,
          null,
          null,
          null,
          null
        ]
      },
      "/home/suyash/spacecraft_navigation/app/helpers/api/spacecrafts_helper.rb": {
        "lines": [
          1,
          null
        ]
      },
      "/home/suyash/spacecraft_navigation/app/helpers/application_helper.rb": {
        "lines": [
          1,
          null
        ]
      },
      "/home/suyash/spacecraft_navigation/app/models/spacecraft.rb": {
        "lines": [
          1,
          1,
          null,
          1,
          9,
          14,
          null,
          2,
          null,
          2,
          null,
          2,
          null,
          2,
          null,
          3,
          null,
          1,
          null,
          null,
          null,
          null,
          1,
          4,
          null,
          null,
          1,
          null,
          1,
          2,
          null,
          2,
          null,
          0,
          null,
          0,
          null,
          0,
          null,
          0,
          null,
          0,
          null,
          null,
          null,
          1,
          2,
          null,
          1,
          null,
          0,
          null,
          0,
          null,
          0,
          null,
          1,
          null,
          0,
          null,
          null,
          null,
          1,
          2,
          1,
          0,
          0,
          0,
          1,
          null,
          null,
          null,
          1,
          2,
          2,
          0,
          0,
          0,
          0,
          null,
          null,
          null,
          1,
          3,
          3,
          0,
          null,
          null,
          null,
          1,
          1,
          1,
          0,
          null,
          null,
          null
        ]
      },
      "/home/suyash/spacecraft_navigation/app/models/application_record.rb": {
        "lines": [
          1,
          1,
          null
        ]
      }
    },
    "timestamp": 1705997047
  }
}
